Reachable types computed on: Tue Dec 09 15:22:34 GMT 2008
com.allen_sauer.gwt.dnd.client.DragHandlerCollection
   Serialization status
      Instantiable
   Path
      'com.allen_sauer.gwt.dnd.client.DragHandlerCollection' is reachable as a subtype of type 'interface java.util.List<com.mycompany.project.client.util.StringTree>'
      'java.util.List<com.mycompany.project.client.util.StringTree>' is reachable from field 'children' of type 'com.mycompany.project.client.util.StringTree'
      'com.mycompany.project.client.util.StringTree' is reachable as a subtype of type 'class com.mycompany.project.client.util.StringTree'
      Started from 'com.mycompany.project.client.util.StringTree'

com.google.gwt.user.client.rpc.IncompatibleRemoteServiceException
   Serialization status
      Instantiable
   Path
      'com.google.gwt.user.client.rpc.IncompatibleRemoteServiceException' is reachable as a subtype of type 'class com.google.gwt.user.client.rpc.IncompatibleRemoteServiceException'
      Started from 'com.google.gwt.user.client.rpc.IncompatibleRemoteServiceException'

com.mycompany.project.client.listeners.ConnectionListenerCollection
   Serialization status
      Instantiable
   Path
      'com.mycompany.project.client.listeners.ConnectionListenerCollection' is reachable as a subtype of type 'interface java.util.List<com.mycompany.project.client.util.StringTree>'
      'java.util.List<com.mycompany.project.client.util.StringTree>' is reachable from field 'children' of type 'com.mycompany.project.client.util.StringTree'
      'com.mycompany.project.client.util.StringTree' is reachable as a subtype of type 'class com.mycompany.project.client.util.StringTree'
      Started from 'com.mycompany.project.client.util.StringTree'

com.mycompany.project.client.util.CellData
   Serialization status
      Instantiable
   Path
      'com.mycompany.project.client.util.CellData' is reachable as a subtype of type 'class com.mycompany.project.client.util.CellData'
      'com.mycompany.project.client.util.CellData' is reachable from field 'cellData' of type 'com.mycompany.project.client.util.OlapData'
      'com.mycompany.project.client.util.OlapData' is reachable as a subtype of type 'class com.mycompany.project.client.util.OlapData'
      Started from 'com.mycompany.project.client.util.OlapData'

com.mycompany.project.client.util.CellInfo
   Serialization status
      Instantiable
   Path
      'com.mycompany.project.client.util.CellInfo' is reachable as a subtype of type 'class com.mycompany.project.client.util.CellInfo'
      Type 'com.mycompany.project.client.util.CellInfo[]' is reachable from array type 'com.mycompany.project.client.util.CellInfo[][]'
      'com.mycompany.project.client.util.CellInfo[][]' is reachable from field 'rowHeaderMembers' of type 'com.mycompany.project.client.util.RowHeaders'
      'com.mycompany.project.client.util.RowHeaders' is reachable as a subtype of type 'class com.mycompany.project.client.util.RowHeaders'
      'com.mycompany.project.client.util.RowHeaders' is reachable from field 'rowHeaders' of type 'com.mycompany.project.client.util.OlapData'
      'com.mycompany.project.client.util.OlapData' is reachable as a subtype of type 'class com.mycompany.project.client.util.OlapData'
      Started from 'com.mycompany.project.client.util.OlapData'

com.mycompany.project.client.util.CellInfo[]
   Serialization status
      Instantiable
   Path
      'com.mycompany.project.client.util.CellInfo[][]' is reachable from field 'rowHeaderMembers' of type 'com.mycompany.project.client.util.RowHeaders'
      'com.mycompany.project.client.util.RowHeaders' is reachable as a subtype of type 'class com.mycompany.project.client.util.RowHeaders'
      'com.mycompany.project.client.util.RowHeaders' is reachable from field 'rowHeaders' of type 'com.mycompany.project.client.util.OlapData'
      'com.mycompany.project.client.util.OlapData' is reachable as a subtype of type 'class com.mycompany.project.client.util.OlapData'
      Started from 'com.mycompany.project.client.util.OlapData'

com.mycompany.project.client.util.CellInfo[][]
   Serialization status
      Instantiable
   Path
      'com.mycompany.project.client.util.CellInfo[][]' is reachable from field 'rowHeaderMembers' of type 'com.mycompany.project.client.util.RowHeaders'
      'com.mycompany.project.client.util.RowHeaders' is reachable as a subtype of type 'class com.mycompany.project.client.util.RowHeaders'
      'com.mycompany.project.client.util.RowHeaders' is reachable from field 'rowHeaders' of type 'com.mycompany.project.client.util.OlapData'
      'com.mycompany.project.client.util.OlapData' is reachable as a subtype of type 'class com.mycompany.project.client.util.OlapData'
      Started from 'com.mycompany.project.client.util.OlapData'

com.mycompany.project.client.util.ChartPrefs
   Serialization status
      Instantiable
   Path
      'com.mycompany.project.client.util.ChartPrefs' is reachable as a subtype of type 'class com.mycompany.project.client.util.ChartPrefs'
      Started from 'com.mycompany.project.client.util.ChartPrefs'

com.mycompany.project.client.util.ColumnHeaders
   Serialization status
      Instantiable
   Path
      'com.mycompany.project.client.util.ColumnHeaders' is reachable as a subtype of type 'class com.mycompany.project.client.util.ColumnHeaders'
      'com.mycompany.project.client.util.ColumnHeaders' is reachable from field 'columnHeaders' of type 'com.mycompany.project.client.util.OlapData'
      'com.mycompany.project.client.util.OlapData' is reachable as a subtype of type 'class com.mycompany.project.client.util.OlapData'
      Started from 'com.mycompany.project.client.util.OlapData'

com.mycompany.project.client.util.OlapData
   Serialization status
      Instantiable
   Path
      'com.mycompany.project.client.util.OlapData' is reachable as a subtype of type 'class com.mycompany.project.client.util.OlapData'
      Started from 'com.mycompany.project.client.util.OlapData'

com.mycompany.project.client.util.RowHeaders
   Serialization status
      Instantiable
   Path
      'com.mycompany.project.client.util.RowHeaders' is reachable as a subtype of type 'class com.mycompany.project.client.util.RowHeaders'
      'com.mycompany.project.client.util.RowHeaders' is reachable from field 'rowHeaders' of type 'com.mycompany.project.client.util.OlapData'
      'com.mycompany.project.client.util.OlapData' is reachable as a subtype of type 'class com.mycompany.project.client.util.OlapData'
      Started from 'com.mycompany.project.client.util.OlapData'

com.mycompany.project.client.util.StringTree
   Serialization status
      Instantiable
   Path
      'com.mycompany.project.client.util.StringTree' is reachable as a subtype of type 'class com.mycompany.project.client.util.StringTree'
      Started from 'com.mycompany.project.client.util.StringTree'

com.mycompany.project.client.util.StringTree[]
   Serialization status
      Instantiable
   Path
      'com.mycompany.project.client.util.StringTree' is reachable from type argument 0 of type 'java.util.Arrays.ArrayList<E>'
      'java.util.Arrays.ArrayList<com.mycompany.project.client.util.StringTree>' is reachable as a subtype of type 'interface java.util.List<com.mycompany.project.client.util.StringTree>'
      'java.util.List<com.mycompany.project.client.util.StringTree>' is reachable from field 'children' of type 'com.mycompany.project.client.util.StringTree'
      'com.mycompany.project.client.util.StringTree' is reachable as a subtype of type 'class com.mycompany.project.client.util.StringTree'
      Started from 'com.mycompany.project.client.util.StringTree'

java.lang.Boolean
   Serialization status
      Instantiable
   Path
      'java.lang.Boolean' is reachable as a subtype of type 'class java.lang.Boolean'
      Started from 'java.lang.Boolean'

java.lang.Exception
   Serialization status
      Field serializable
   Path
      'java.lang.Exception' is reachable as a supertype of type 'class java.lang.RuntimeException'
      'java.lang.RuntimeException' is reachable as a supertype of type 'class com.google.gwt.user.client.rpc.IncompatibleRemoteServiceException'
      'com.google.gwt.user.client.rpc.IncompatibleRemoteServiceException' is reachable as a subtype of type 'class com.google.gwt.user.client.rpc.IncompatibleRemoteServiceException'
      Started from 'com.google.gwt.user.client.rpc.IncompatibleRemoteServiceException'

java.lang.Integer
   Serialization status
      Instantiable
   Path
      'java.lang.Integer' is reachable as a subtype of type 'class java.lang.Integer'
      Started from 'java.lang.Integer'

java.lang.Number
   Serialization status
      Field serializable
   Path
      'java.lang.Number' is reachable as a supertype of type 'class java.lang.Integer'
      'java.lang.Integer' is reachable as a subtype of type 'class java.lang.Integer'
      Started from 'java.lang.Integer'

java.lang.RuntimeException
   Serialization status
      Field serializable
   Path
      'java.lang.RuntimeException' is reachable as a supertype of type 'class com.google.gwt.user.client.rpc.IncompatibleRemoteServiceException'
      'com.google.gwt.user.client.rpc.IncompatibleRemoteServiceException' is reachable as a subtype of type 'class com.google.gwt.user.client.rpc.IncompatibleRemoteServiceException'
      Started from 'com.google.gwt.user.client.rpc.IncompatibleRemoteServiceException'

java.lang.String
   Serialization status
      Instantiable
   Path
      'java.lang.String' is reachable as a subtype of type 'class java.lang.String'
      Started from 'java.lang.String'

java.lang.String[]
   Serialization status
      Instantiable
   Path
      Started from 'java.lang.String[]'

java.lang.Throwable
   Serialization status
      Field serializable
   Path
      'java.lang.Throwable' is reachable as a supertype of type 'class java.lang.Exception'
      'java.lang.Exception' is reachable as a supertype of type 'class java.lang.RuntimeException'
      'java.lang.RuntimeException' is reachable as a supertype of type 'class com.google.gwt.user.client.rpc.IncompatibleRemoteServiceException'
      'com.google.gwt.user.client.rpc.IncompatibleRemoteServiceException' is reachable as a subtype of type 'class com.google.gwt.user.client.rpc.IncompatibleRemoteServiceException'
      Started from 'com.google.gwt.user.client.rpc.IncompatibleRemoteServiceException'

java.util.ArrayList<com.mycompany.project.client.util.StringTree>
   Serialization status
      Instantiable
   Path
      'java.util.ArrayList<com.mycompany.project.client.util.StringTree>' is reachable as a supertype of type 'class com.allen_sauer.gwt.dnd.client.DragHandlerCollection'
      'com.allen_sauer.gwt.dnd.client.DragHandlerCollection' is reachable as a subtype of type 'interface java.util.List<com.mycompany.project.client.util.StringTree>'
      'java.util.List<com.mycompany.project.client.util.StringTree>' is reachable from field 'children' of type 'com.mycompany.project.client.util.StringTree'
      'com.mycompany.project.client.util.StringTree' is reachable as a subtype of type 'class com.mycompany.project.client.util.StringTree'
      Started from 'com.mycompany.project.client.util.StringTree'

java.util.Arrays.ArrayList<com.mycompany.project.client.util.StringTree>
   Serialization status
      Instantiable
   Path
      'java.util.Arrays.ArrayList<com.mycompany.project.client.util.StringTree>' is reachable as a subtype of type 'interface java.util.List<com.mycompany.project.client.util.StringTree>'
      'java.util.List<com.mycompany.project.client.util.StringTree>' is reachable from field 'children' of type 'com.mycompany.project.client.util.StringTree'
      'com.mycompany.project.client.util.StringTree' is reachable as a subtype of type 'class com.mycompany.project.client.util.StringTree'
      Started from 'com.mycompany.project.client.util.StringTree'

java.util.LinkedList<com.mycompany.project.client.util.StringTree>
   Serialization status
      Instantiable
   Path
      'java.util.LinkedList<com.mycompany.project.client.util.StringTree>' is reachable as a subtype of type 'interface java.util.List<com.mycompany.project.client.util.StringTree>'
      'java.util.List<com.mycompany.project.client.util.StringTree>' is reachable from field 'children' of type 'com.mycompany.project.client.util.StringTree'
      'com.mycompany.project.client.util.StringTree' is reachable as a subtype of type 'class com.mycompany.project.client.util.StringTree'
      Started from 'com.mycompany.project.client.util.StringTree'

java.util.Stack<com.mycompany.project.client.util.StringTree>
   Serialization status
      Instantiable
   Path
      'java.util.Stack<com.mycompany.project.client.util.StringTree>' is reachable as a subtype of type 'interface java.util.List<com.mycompany.project.client.util.StringTree>'
      'java.util.List<com.mycompany.project.client.util.StringTree>' is reachable from field 'children' of type 'com.mycompany.project.client.util.StringTree'
      'com.mycompany.project.client.util.StringTree' is reachable as a subtype of type 'class com.mycompany.project.client.util.StringTree'
      Started from 'com.mycompany.project.client.util.StringTree'

java.util.Vector<com.mycompany.project.client.util.StringTree>
   Serialization status
      Instantiable
   Path
      'java.util.Vector<com.mycompany.project.client.util.StringTree>' is reachable as a supertype of type 'class java.util.Stack<com.mycompany.project.client.util.StringTree>'
      'java.util.Stack<com.mycompany.project.client.util.StringTree>' is reachable as a subtype of type 'interface java.util.List<com.mycompany.project.client.util.StringTree>'
      'java.util.List<com.mycompany.project.client.util.StringTree>' is reachable from field 'children' of type 'com.mycompany.project.client.util.StringTree'
      'com.mycompany.project.client.util.StringTree' is reachable as a subtype of type 'class com.mycompany.project.client.util.StringTree'
      Started from 'com.mycompany.project.client.util.StringTree'

